F:\Website\cmhowl.github.io
[Info]Git status:On branch master
Your branch is up to date with 'origin/master'.

Changes not staged for commit:
  (use "git add <file>..." to update what will be committed)
  (use "git checkout -- <file>..." to discard changes in working directory)

	modified:   url.conf

Untracked files:
  (use "git add <file>..." to include in what will be committed)

	server.log

no changes added to commit (use "git add" and/or "git commit -a")
[Info]finish to modify SSR-config.
[Info]Starting SSR.
[Info]Firstly network testing.
[Info]Server is able to cross GFW :) Congratulations!
[Info]Everything done!Enjoy it :)~
F:\Website\cmhowl.github.io
[Info]Git status:On branch master
Your branch is up to date with 'origin/master'.

Changes not staged for commit:
  (use "git add <file>..." to update what will be committed)
  (use "git checkout -- <file>..." to discard changes in working directory)

	modified:   url.conf

Untracked files:
  (use "git add <file>..." to include in what will be committed)

	server.log

no changes added to commit (use "git add" and/or "git commit -a")
[Info]finish to modify SSR-config.
[Info]Starting SSR.
[Info]Firstly network testing.
[Error]Server is probably blocked by GFW :( 
[Info]Everything done!Enjoy it :)~
F:\Website\cmhowl.github.io
[Info]Git status:On branch master
Your branch is up to date with 'origin/master'.

Changes not staged for commit:
  (use "git add <file>..." to update what will be committed)
  (use "git checkout -- <file>..." to discard changes in working directory)

	modified:   url.conf

Untracked files:
  (use "git add <file>..." to include in what will be committed)

	server.log

no changes added to commit (use "git add" and/or "git commit -a")
[Info]Firstly network testing.
[Error]Server is probably blocked by GFW :( 
[Info]Everything done!Enjoy it :)~
F:\Website\cmhowl.github.io
[Info]Git status:On branch master
Your branch is up to date with 'origin/master'.

Changes not staged for commit:
  (use "git add <file>..." to update what will be committed)
  (use "git checkout -- <file>..." to discard changes in working directory)

	modified:   url.conf

Untracked files:
  (use "git add <file>..." to include in what will be committed)

	server.log

no changes added to commit (use "git add" and/or "git commit -a")
[Info]Firstly network testing.
[Info]Server is able to cross GFW :) Congratulations!
[Info]Everything done!Enjoy it :)~
F:\Website\cmhowl.github.io
[Info]Git status:On branch master
Your branch is up to date with 'origin/master'.

Changes not staged for commit:
  (use "git add <file>..." to update what will be committed)
  (use "git checkout -- <file>..." to discard changes in working directory)

	modified:   url.conf

Untracked files:
  (use "git add <file>..." to include in what will be committed)

	server.log

no changes added to commit (use "git add" and/or "git commit -a")
[Info]Firstly network testing.
[Error]Server is probably blocked by GFW :( 
[Info]Everything done!Enjoy it :)~
F:\Website\cmhowl.github.io
[Info]Git status:On branch master
Your branch is up to date with 'origin/master'.

Changes not staged for commit:
  (use "git add <file>..." to update what will be committed)
  (use "git checkout -- <file>..." to discard changes in working directory)

	modified:   url.conf

Untracked files:
  (use "git add <file>..." to include in what will be committed)

	server.log

no changes added to commit (use "git add" and/or "git commit -a")
[Info]Firstly network testing.
[Error]Server is probably blocked by GFW :( 
[Info]Everything done!Enjoy it :)~
F:\Website\cmhowl.github.io
[Info]Git status:On branch master
Your branch is up to date with 'origin/master'.

Changes not staged for commit:
  (use "git add <file>..." to update what will be committed)
  (use "git checkout -- <file>..." to discard changes in working directory)

	modified:   url.conf

Untracked files:
  (use "git add <file>..." to include in what will be committed)

	server.log

no changes added to commit (use "git add" and/or "git commit -a")
[Info]Firstly network testing.
[Info]Server is able to cross GFW :) Congratulations!
[Info]Everything done!Enjoy it :)~
